<?xml version="1.0" encoding="UTF-8"?>
<testng-results ignored="0" total="3" passed="3" failed="0" skipped="0">
  <reporter-output>
  </reporter-output>
  <suite started-at="2022-10-11T12:15:44 IST" name="Default suite" finished-at="2022-10-11T12:18:11 IST" duration-ms="147610">
    <groups>
    </groups>
    <test started-at="2022-10-11T12:15:44 IST" name="Default test" finished-at="2022-10-11T12:18:11 IST" duration-ms="147610">
      <class name="Test_Main.MAIN">
        <test-method is-config="true" signature="signin()[pri:0, instance:Test_Main.MAIN@397fbdb]" started-at="2022-10-11T12:15:44 IST" name="signin" finished-at="2022-10-11T12:16:04 IST" duration-ms="20742" status="PASS">
          <reporter-output>
          </reporter-output>
        </test-method> <!-- signin -->
        <test-method signature="test1()[pri:1, instance:Test_Main.MAIN@397fbdb]" started-at="2022-10-11T12:16:05 IST" name="test1" finished-at="2022-10-11T12:17:06 IST" duration-ms="61025" status="PASS">
          <reporter-output>
          </reporter-output>
        </test-method> <!-- test1 -->
        <test-method signature="test2()[pri:2, instance:Test_Main.MAIN@397fbdb]" started-at="2022-10-11T12:17:06 IST" name="test2" finished-at="2022-10-11T12:17:40 IST" duration-ms="34580" status="PASS">
          <reporter-output>
          </reporter-output>
        </test-method> <!-- test2 -->
        <test-method signature="test3()[pri:3, instance:Test_Main.MAIN@397fbdb]" started-at="2022-10-11T12:17:40 IST" name="test3" finished-at="2022-10-11T12:18:11 IST" duration-ms="31105" status="PASS">
          <reporter-output>
          </reporter-output>
        </test-method> <!-- test3 -->
      </class> <!-- Test_Main.MAIN -->
    </test> <!-- Default test -->
  </suite> <!-- Default suite -->
</testng-results>
